101,101
0,36,8
0,59,4
2,27,9
2,42,16
3,43,-12
3,77,-6
3,90,2
4,7,-3
4,27,-2
5,11,-1
5,48,-10
5,51,-25
5,64,2
6,19,5
6,30,20
6,56,10
6,77,15
7,6,-16
7,18,-4
7,42,12
8,15,-3
8,32,4
8,58,-10
8,78,-15
11,55,25
11,78,-10
12,15,6
12,32,-8
12,73,-16
12,78,4
13,2,-4
13,67,6
13,73,-12
13,78,3
14,25,3
14,44,12
14,58,-8
14,78,-12
15,22,-8
15,57,4
16,2,6
16,67,-9
16,73,4
16,78,-1
17,11,-12
17,32,4
17,64,10
17,93,2
18,36,-10
18,59,-5
18,73,-16
18,76,20
19,44,-3
19,56,10
19,77,15
20,49,2
21,58,-8
21,73,-8
21,78,-10
22,15,1
22,32,-4
22,77,1
22,78,16
23,27,-16
23,58,-6
23,80,2
24,55,10
24,78,-4
25,70,4
25,85,15
25,88,-10
25,97,-8
26,18,3
26,65,3
28,20,-12
28,38,5
28,49,16
28,99,20
29,55,25
29,78,-10
29,98,3
30,32,12
31,15,1
31,32,4
31,77,1
31,78,-16
32,63,-1
32,65,-2
33,7,15
33,10,10
33,27,10
34,8,-15
34,11,4
34,64,-8
35,18,-5
35,48,-4
36,28,5
36,66,-25
37,18,-5
37,48,-20
37,51,12
37,65,-5
38,14,-12
38,26,-9
38,70,1
38,97,-2
39,18,-3
39,28,-3
39,40,-4
39,66,15
40,48,8
40,51,20
41,73,-8
41,78,2
42,52,-3
42,55,-15
42,60,-5
43,73,8
44,42,20
44,73,4
44,76,-5
45,4,-25
45,68,-25
46,11,2
46,64,-4
46,77,-15
46,90,5
47,14,-8
47,26,-6
47,96,-16
48,34,4
48,43,25
48,52,16
48,63,5
49,26,-16
49,61,-8
49,69,6
49,71,4
50,42,-6
51,11,9
51,58,-15
52,38,-5
52,49,-6
52,52,-15
52,99,-20
54,7,-12
54,16,12
54,27,-8
54,97,-9
55,36,6
55,59,3
55,77,4
55,89,16
57,44,-6
57,98,-9
58,74,-12
58,77,-6
58,90,2
59,6,3
59,100,5
60,54,-4
60,84,-1
60,98,-6
61,22,4
61,57,-2
61,99,2
63,7,3
63,27,-7
64,18,10
64,48,8
64,64,5
64,93,1
65,73,-4
65,76,5
66,28,-1
66,66,5
66,77,9
66,90,-3
67,56,6
67,64,10
67,77,9
67,93,2
68,22,-2
68,30,1
68,69,15
68,76,6
69,18,15
69,32,4
69,40,20
70,20,6
70,24,-5
70,36,10
70,49,-8
71,6,16
71,18,4
71,57,-3
71,94,-4
72,27,-12
73,58,3
73,59,4
73,80,-1
73,90,-4
74,49,-4
74,52,-6
75,44,-3
76,11,6
76,18,25
76,23,5
76,58,-10
77,16,12
77,22,6
77,57,-3
77,97,-9
78,25,6
79,43,-5
79,55,-20
79,61,-3
79,78,8
80,20,-5
80,49,2
81,43,-15
81,63,-2
81,65,-4
82,18,20
82,48,16
83,32,-3
83,78,12
84,4,-5
84,68,-5
84,73,4
85,42,4
85,45,-20
85,81,-8
86,43,5
86,61,-12
86,63,5
87,25,-6
87,48,-5
87,51,3
88,8,3
88,54,12
88,84,3
89,43,-5
89,55,15
89,63,-1
89,78,-6
90,44,-3
91,38,-5
91,73,16
91,76,-20
91,99,-20
92,17,-4
93,15,-9
93,22,6
93,32,12
93,57,-3
94,52,-2
94,69,-10
94,76,-4
95,2,-2
95,67,3
96,45,15
96,81,6
96,85,9
96,88,-6
97,25,-4
97,44,-3
97,89,4
98,11,-3
98,64,6
99,55,12
99,60,4
99,74,9
100,4,2
100,18,12
100,40,16
