110,107
0,87,-3
2,0,3
2,95,1
3,35,-4
4,12,2
4,72,1
4,86,-2
5,101,-5
6,81,-4
8,61,1
9,34,1
9,35,3
9,41,1
9,57,-1
9,69,-1
11,32,-5
11,96,4
12,27,-3
12,41,-5
13,9,4
13,73,1
14,18,4
14,89,-5
14,101,-5
15,55,1
16,68,-1
16,91,1
18,83,-1
19,5,5
20,13,5
20,16,-3
20,25,1
20,33,3
20,44,-3
20,105,-5
21,85,3
22,22,5
23,103,5
24,1,-1
24,50,5
24,55,5
24,73,-4
25,74,-2
25,82,4
26,36,-4
26,61,-4
27,91,-4
28,98,2
28,99,3
30,48,5
31,26,3
31,46,-2
31,65,5
32,46,4
32,92,-5
33,19,-3
33,39,-5
34,2,-1
35,13,-3
35,68,5
35,106,3
37,71,-2
37,86,-3
38,30,2
38,49,2
38,57,5
39,22,1
39,69,3
39,95,1
41,5,-2
41,10,-5
42,44,5
42,90,-4
44,8,4
44,24,-2
44,94,-4
45,40,1
45,83,-4
46,39,-5
46,58,-3
47,75,3
48,31,4
49,8,4
49,28,-2
49,106,-2
52,37,-2
53,70,-1
54,37,-1
56,15,-5
56,59,-5
56,60,-5
56,97,-5
57,45,-2
57,6,2
57,21,-3
62,11,5
62,30,-4
62,63,4
62,88,5
64,38,5
64,49,3
64,53,5
64,63,-5
64,94,-3
65,14,5
65,25,5
66,3,-1
66,24,5
67,84,-3
69,50,1
69,54,-2
69,72,1
71,40,5
72,20,-2
73,74,1
74,1,1
74,75,-1
74,102,-1
75,43,1
77,93,4
77,100,-5
78,56,-5
80,87,3
80,102,-2
81,27,4
81,38,4
83,29,-2
84,11,2
85,79,2
87,33,-5
87,99,-3
89,7,4
89,47,3
90,28,4
90,79,-1
91,34,-2
91,85,-4
92,43,-4
93,23,4
93,45,-1
93,70,4
93,100,-5
94,14,5
94,18,-5
94,76,-4
95,16,3
97,80,-1
97,105,5
98,4,2
98,66,1
98,90,-4
101,9,1
101,60,1
102,10,3
102,80,5
102,88,3
102,93,-2
103,51,2
103,77,-1
104,21,-4
104,36,5
105,32,1
105,78,-5
105,84,2
106,42,-5
106,58,-3
107,52,-1
107,56,5
108,7,-4
