108,104
0,1,-720
0,4,-720
0,5,-3600
0,9,-4800
0,14,1728
0,16,-1320
0,20,-4800
0,23,-41208
0,25,4800
0,29,144
0,36,-720
0,37,-11088
0,39,-9000
0,40,8920
0,43,-17640
0,44,-25600
0,46,720
0,49,-21600
0,63,144
0,66,1200
0,67,-1080
0,76,-5280
0,77,-1728
0,79,720
0,82,560
0,88,-30000
0,90,-3600
0,93,1152
0,94,2400
0,96,-2160
0,99,5120
0,101,-25320
1,1,-720
1,4,1080
1,5,-3600
1,9,-4800
1,14,9000
1,16,480
1,20,-4800
1,23,-2400
1,25,4800
1,29,-1200
1,36,-720
1,37,-13680
1,40,8920
1,41,2500
1,43,7200
1,44,-52000
1,47,500
1,49,-21600
1,60,-15000
1,63,-1200
1,64,-3000
1,69,-7500
1,76,1920
1,82,-160
1,88,-30000
1,89,7200
1,90,-3600
1,93,720
1,94,2400
1,96,-2160
1,99,10400
1,101,-25320
2,1,4608
2,4,-11712
2,5,6400
2,8,6976
2,9,-192
2,11,-960
2,13,2304
2,15,8000
2,16,2592
2,20,-5184
2,23,32184
2,24,-288
2,25,192
2,35,2288
2,37,-576
2,38,-6912
2,39,-14400
2,40,-2648
2,41,680
2,42,9216
2,43,19656
2,44,-24240
2,47,1720
2,49,-3312
2,52,864
2,65,72
2,66,-19296
2,69,-312
2,72,1440
2,74,-15232
2,76,10368
2,77,-1920
2,79,1440
2,82,3600
2,86,-3200
2,88,-7416
2,94,96
2,97,15232
2,99,-4752
2,101,7944
3,4,-59600
3,5,128200
3,8,24600
3,13,68760
3,14,-3200
3,15,150000
3,16,-13200
3,20,3200
3,23,-114700
3,24,-1400
3,26,30000
3,29,-6400
3,30,320
3,32,-20400
3,34,-60000
3,36,-3000
3,37,-1800
3,39,-6000
3,40,1920
3,41,-40000
3,43,-68820
3,44,9020
3,46,480
3,47,-11600
3,49,-23400
3,52,10800
3,61,6560
3,63,-6400
3,66,-13920
3,67,7250
3,69,127200
3,71,-8160
3,74,-30720
3,76,-52800
3,77,-111400
3,79,480
3,82,6720
3,86,2880
3,88,-51000
3,90,9000
3,93,-1800
3,96,5400
3,97,30720
3,99,-940
3,101,-5760
4,1,180
4,4,-270
4,5,-1500
4,36,-300
4,37,-180
4,40,-810
4,66,900
4,82,240
4,90,900
4,93,-180
4,96,540
4,101,2430
5,1,-7860
5,4,12330
5,5,-960
5,12,-2500
5,14,-1500
5,15,-2700
5,24,180
5,29,200
5,30,-432
5,36,240
5,40,-2160
5,47,-3150
5,49,1530
5,52,-540
5,60,-500
5,62,-3750
5,63,200
5,64,1000
5,66,2400
5,69,-180
5,79,900
5,82,-2250
5,88,540
5,89,-1200
5,97,-300
5,99,16200
5,100,180
5,101,2430
6,1,530
6,4,-825
6,5,680
6,8,-600
6,14,-32000
6,15,-150
6,16,-60
6,23,1020
6,24,200
6,25,-10500
6,30,-12024
6,32,-600
6,37,-48000
6,39,-300
6,40,-9795
6,43,29412
6,44,-69520
6,46,24
6,66,2110
6,67,20250
6,71,-240
6,74,120000
6,76,-240
6,77,32000
6,79,74
6,82,24
6,88,-15000
6,90,2500
6,93,-8000
6,94,-4000
6,97,-120000
6,99,13904
6,101,29385
6,102,500
7,1,-480
7,4,-6240
7,8,9450
7,11,-864
7,13,2880
7,16,-240
7,20,-6480
7,23,-344
7,26,540
7,29,-72
7,34,-1080
7,37,-1944
7,38,-8640
7,39,-19200
7,40,-432
7,42,11520
7,43,960
7,44,-1200
7,46,96
7,47,900
7,49,-972
7,60,-900
7,63,-792
7,64,-180
7,66,-4154
7,74,6912
7,76,-960
7,77,-4800
7,79,-1104
7,82,96
7,88,-10530
7,93,576
7,96,-720
7,97,-6912
7,99,-4260
7,101,1296
8,1,660
8,4,-510
8,5,430
8,8,-4290
8,13,-216
8,20,-1500
8,22,1152
8,23,540
8,24,1520
8,25,-3200
8,26,180
8,28,-18
8,29,-1536
8,30,-4800
8,32,-4560
8,34,-360
8,36,-1130
8,37,-300
8,39,-1200
8,40,-810
8,43,324
8,44,-8612
8,47,120
8,66,-3708
8,67,1900
8,71,-2304
8,77,360
8,79,1200
8,82,496
8,86,-48
8,88,-6270
8,90,1500
8,93,-300
8,94,-1600
8,96,900
8,97,1152
8,99,1108
8,100,-300
8,101,2430
10,4,-14400
10,5,33120
10,8,10800
10,9,2160
10,13,17280
10,15,36000
10,16,-2880
10,20,2160
10,23,-17520
10,25,-2160
10,26,7200
10,29,-1152
10,34,-14400
10,36,864
10,37,6480
10,40,-2700
10,41,-9600
10,43,-14400
10,44,18000
10,47,-1920
10,49,11448
10,63,-1152
10,66,-1620
10,69,28800
10,76,-11520
10,77,-28800
10,88,3852
10,94,-1080
10,99,-3600
10,101,8100
11,1,480
11,4,3600
11,5,20000
11,22,6912
11,23,-6720
11,28,-4608
11,29,-9216
11,36,4000
11,37,2400
11,40,10512
11,43,-4032
11,44,6144
11,66,-12000
11,71,-2880
11,74,4608
11,79,7200
11,82,-3200
11,86,1536
11,90,-12000
11,93,2400
11,96,-7200
11,97,2304
11,99,-768
11,101,-31536
12,1,-180
12,4,-6330
12,5,-4500
12,8,800
12,15,-4800
12,16,-600
12,20,-3000
12,23,-5000
12,24,-1800
12,30,-1200
12,35,1600
12,36,-900
12,37,180
12,39,-3000
12,40,4560
12,43,-3000
12,44,-25000
12,46,240
12,47,-900
12,49,-18900
12,52,5400
12,61,-2000
12,66,-500
12,69,1800
12,76,-2400
12,79,240
12,82,-3000
12,88,-24150
12,90,-900
12,93,180
12,96,-540
12,99,5000
12,101,-13680
13,4,8520
13,5,7680
13,8,-23040
13,11,2400
13,13,-5760
13,14,2880
13,16,-9960
13,20,12960
13,23,-129680
13,24,1200
13,29,240
13,32,-5760
13,35,-5400
13,37,4320
13,38,17280
13,39,18600
13,40,6600
13,42,-23040
13,43,-80400
13,44,84000
13,46,1392
13,47,-360
13,49,-6120
13,52,2160
13,63,240
13,66,45712
13,67,600
13,69,720
13,71,-2304
13,72,-3600
13,74,38400
13,76,-39840
13,77,1920
13,79,-2208
13,82,-7608
13,86,8000
13,88,15120
13,93,720
13,97,-38400
13,99,-14400
13,101,-19800
14,1,-750
14,4,1875
14,5,27800
14,8,-2400
14,15,3750
14,16,5100
14,20,-1800
14,23,29300
14,24,800
14,30,600
14,32,-2400
14,35,1920
14,36,4320
14,39,7500
14,40,-1275
14,43,17580
14,44,-12000
14,46,-600
14,49,18360
14,52,-6480
14,66,-13770
14,67,1000
14,69,-8640
14,71,-960
14,74,-4800
14,76,20400
14,79,-1850
14,82,5400
14,88,6480
14,97,-5400
14,99,2400
14,100,3240
14,101,14625
15,1,600
15,4,-480
15,8,-750
15,9,-72
15,16,2856
15,22,1440
15,23,23424
15,25,72
15,28,-960
15,29,-720
15,35,-1500
15,37,-216
15,39,-2400
15,40,24
15,43,14184
15,44,160
15,47,1400
15,49,-2124
15,63,1200
15,66,-1146
15,71,-600
15,74,-384
15,76,11424
15,79,1500
15,82,192
15,88,-1200
15,94,36
15,97,1824
15,99,-7032
15,101,-72
16,4,-36870
16,5,73920
16,8,25560
16,13,43200
16,14,720
16,15,90000
16,16,-8070
16,23,-72170
16,24,120
16,26,18000
16,29,-2820
16,32,-1440
16,34,-36000
16,37,1080
16,39,-4350
16,41,-24000
16,43,-43950
16,44,6000
16,46,348
16,47,-4980
16,49,1260
16,52,1080
16,63,-2820
16,66,-572
16,67,150
16,69,72360
16,71,-576
16,76,-32280
16,77,-72720
16,79,348
16,82,348
16,88,-25200
16,93,180
16,99,-1200
17,4,7200
17,5,36000
17,7,1800
17,8,-10098
17,11,1440
17,13,-3456
17,15,45000
17,16,-3528
17,20,7008
17,23,-45600
17,24,1296
17,29,528
17,35,-2700
17,38,10368
17,39,21600
17,40,3960
17,42,-13824
17,43,-27360
17,44,36000
17,47,798
17,49,3456
17,52,-1296
17,61,-960
17,63,528
17,66,28800
17,69,-1296
17,72,-2160
17,74,23040
17,76,-14112
17,77,2880
17,79,-2160
17,82,-5400
17,86,4800
17,87,-1440
17,88,11520
17,97,-23040
17,99,-6510
17,101,-11880
18,1,-60
18,4,90
18,5,3380
18,8,1800
18,9,1440
18,15,600
18,16,-7200
18,20,1440
18,23,-57180
18,25,-1440
18,29,-2880
18,35,3600
18,36,676
18,37,4380
18,40,-1530
18,43,-36900
18,44,13500
18,47,-3000
18,49,11250
18,51,-180
18,63,-2880
18,66,-1380
18,76,-28800
18,82,-80
18,88,11880
18,90,-300
18,93,60
18,94,-720
18,96,-180
18,99,12300
18,101,4590
18,103,180
19,1,2520
19,4,10260
19,5,-43800
19,8,-9180
19,9,-1152
19,13,-17280
19,15,-36000
19,16,2880
19,22,1728
19,23,49344
19,25,1152
19,26,-6120
19,28,-1152
19,29,-1152
19,34,12240
19,36,-3000
19,37,-5256
19,39,-7200
19,40,-8412
19,41,41280
19,43,31680
19,44,-20448
19,47,8976
19,49,-6912
19,63,1152
19,65,4752
19,66,-11736
19,69,-28800
19,71,-720
19,74,4992
19,76,11520
19,77,28800
19,79,1800
19,82,2976
19,86,-1152
19,88,31788
19,90,9000
19,93,-1800
19,94,576
19,96,5400
19,97,-3264
19,99,144
19,101,25236
20,1,480
20,4,-1800
20,5,-10000
20,8,-24
20,16,-1200
20,22,-1728
20,23,-8320
20,26,-216
20,28,1152
20,29,1824
20,34,432
20,35,600
20,36,-2000
20,37,-1200
20,40,-5328
20,43,-4992
20,44,-1536
20,47,-500
20,49,720
20,63,-480
20,66,6000
20,71,720
20,74,-1152
20,76,-4800
20,79,-1800
20,82,1600
20,86,-384
20,88,804
20,90,6000
20,93,-1200
20,96,3600
20,97,-576
20,99,2692
20,101,15984
21,5,-62320
21,8,2160
21,13,-8640
21,16,-3240
21,20,1620
21,23,17280
21,24,-720
21,32,2160
21,35,-1728
21,36,-11888
21,37,-4800
21,40,2160
21,43,10368
21,44,-10080
21,49,-16524
21,52,5832
21,66,10368
21,67,-900
21,69,7776
21,71,864
21,74,4320
21,76,-12960
21,77,14400
21,82,1000
21,86,7680
21,88,-5832
21,90,24000
21,93,-4800
21,96,14400
21,97,4860
21,99,4320
21,100,-2916
21,101,-16200
22,1,-720
22,4,1080
22,5,18000
22,7,1080
22,8,648
22,9,-4800
22,15,27000
22,16,480
22,20,-4800
22,23,-9216
22,25,4800
22,35,1296
22,36,-720
22,37,-8496
22,40,8920
22,44,-40000
22,49,-19008
22,66,-1296
22,76,1920
22,82,-160
22,87,-864
22,88,-30000
22,90,-3600
22,93,720
22,94,2400
22,96,-2160
22,99,8000
22,101,-25320
23,4,5940
23,5,5400
23,8,-720
23,14,2250
23,15,4320
23,16,540
23,20,2700
23,23,7500
23,24,1620
23,29,-300
23,30,1080
23,35,-1440
23,36,1080
23,39,2700
23,40,-3375
23,41,625
23,43,4500
23,44,19500
23,46,-216
23,47,935
23,49,17010
23,52,-4860
23,60,-3750
23,61,1800
23,63,-300
23,64,-750
23,66,-360
23,69,-3495
23,76,2160
23,79,-216
23,82,2484
23,88,21735
23,89,1800
23,99,-3900
23,101,10125
24,1,-13824
24,4,20736
24,8,-3600
24,11,-18000
24,35,-7200
24,37,-18000
24,40,-10800
24,47,-5184
24,66,12000
24,77,36000
24,82,-18000
24,96,54000
24,99,25920
25,4,3000
25,14,-2880
25,16,3000
25,23,44680
25,29,-240
25,37,-4320
25,39,15000
25,43,29400
25,44,-24000
25,46,-1200
25,63,-240
25,66,-2000
25,67,1800
25,76,12000
25,77,2880
25,79,-1200
25,82,-1200
25,93,-720
25,99,4800
26,1,-240
26,4,-7560
26,5,-5200
26,8,960
26,15,-5760
26,16,-720
26,20,-3600
26,23,-6000
26,24,-2160
26,30,-1440
26,35,1920
26,36,-1040
26,37,240
26,39,-3600
26,40,5580
26,43,-3600
26,44,-30000
26,46,288
26,47,-1080
26,49,-22680
26,52,6480
26,61,-2400
26,66,-720
26,69,2160
26,76,-2880
26,79,288
26,82,-3632
26,88,-28980
26,90,-1200
26,93,240
26,96,-720
26,99,6000
26,101,-16740
27,1,10890
27,4,-17055
27,5,2130
27,15,3600
27,30,576
27,36,-150
27,37,-90
27,40,675
27,47,4320
27,66,-750
27,79,-1200
27,82,120
27,90,450
27,93,-90
27,96,270
27,99,-21600
27,101,-2025
28,5,2880
28,9,1440
28,20,1440
28,23,4320
28,25,-1440
28,36,576
28,37,4320
28,40,-1800
28,44,12000
28,49,6480
28,66,-1080
28,88,9000
28,94,-720
28,99,-2400
28,101,5400
29,1,16200
29,4,-25560
29,7,-360
29,8,-2376
29,15,-3600
29,16,-180
29,23,-3228
29,24,180
29,30,864
29,32,-2160
29,35,-432
29,37,-1728
29,39,-900
29,40,1620
29,43,-900
29,46,72
29,47,6210
29,49,-5454
29,52,1620
29,66,-2976
29,67,900
29,69,540
29,71,-864
29,76,-720
29,79,-1728
29,82,72
29,87,288
29,88,-1620
29,99,-32400
29,101,-4860
30,5,32000
30,8,320
30,9,-4800
30,15,49600
30,23,-29400
30,25,4800
30,35,640
30,37,-14400
30,40,-200
30,41,12000
30,43,-9000
30,44,18000
30,47,2400
30,49,-14400
30,51,-2880
30,65,1800
30,66,-2400
30,74,3200
30,88,9000
30,94,2400
30,97,-3200
30,99,-3600
30,101,600
30,103,2880
31,4,-1350
31,16,-1080
31,23,-10200
31,39,-6750
31,40,180
31,43,-6120
31,44,1200
31,74,-2880
31,76,-4320
31,82,540
31,97,2880
31,99,-240
31,101,-540
32,4,-2560
32,13,3072
32,16,3456
32,20,-2560
32,23,4800
32,24,3744
32,25,9600
32,29,1280
32,30,14400
32,40,-3340
32,43,2880
32,44,14400
32,47,1872
32,49,7344
32,52,-2592
32,61,-4480
32,63,1280
32,66,-864
32,69,-3744
32,71,-432
32,74,-23360
32,76,13824
32,77,-5120
32,82,-1920
32,86,-6400
32,88,20592
32,94,4800
32,97,23360
32,99,-4800
32,101,10020
33,1,4608
33,4,-6912
33,5,3520
33,8,64
33,9,-1824
33,15,8000
33,20,-1440
33,23,-4752
33,25,1824
33,35,128
33,36,-576
33,37,-5472
33,40,1784
33,41,1160
33,43,432
33,44,-12480
33,47,1960
33,49,-8208
33,65,144
33,66,888
33,69,-600
33,74,256
33,88,-8280
33,94,912
33,97,-256
33,99,-6144
33,101,-5352
34,1,-6642
34,4,9963
34,5,-16170
34,8,-96
34,9,-2160
34,15,-12000
34,20,-2160
34,23,-6480
34,25,2160
34,35,-192
34,36,-1314
34,37,-6750
34,40,1485
34,41,-300
34,44,-18000
34,47,-2652
34,49,-9720
34,66,2970
34,69,900
34,82,360
34,88,-13500
34,90,1350
34,93,-270
34,94,1080
34,96,810
34,99,16560
34,101,-4455
35,1,350
35,4,-30675
35,5,61800
35,8,14400
35,9,1200
35,13,36000
35,15,74250
35,16,-6300
35,20,1200
35,23,-51300
35,25,2000
35,26,9600
35,29,-2400
35,30,4680
35,34,-19200
35,36,480
35,37,3600
35,39,-1500
35,40,-2625
35,41,-20000
35,43,-32940
35,44,20400
35,46,120
35,47,-4000
35,49,9000
35,63,-2400
35,66,550
35,69,60000
35,76,-25200
35,77,-60000
35,79,370
35,82,120
35,88,1500
35,94,1000
35,99,-4080
35,101,7875
36,1,180
36,4,-270
36,5,13380
36,8,-1440
36,9,-576
36,16,2160
36,20,-1080
36,23,2232
36,24,480
36,25,576
36,32,-1440
36,35,1152
36,36,2292
36,37,-1908
36,40,-6594
36,41,1440
36,43,2376
36,44,28080
36,47,288
36,49,8424
36,52,-3888
36,65,216
36,66,-6300
36,67,600
36,69,-5184
36,71,-576
36,74,-2496
36,76,8640
36,82,3840
36,88,26568
36,90,900
36,93,-180
36,94,288
36,96,540
36,97,-3624
36,99,-5616
36,100,1944
36,101,26262
37,4,-5580
37,5,-3840
37,8,-2880
37,14,9120
37,15,-9600
37,16,-1740
37,20,-12800
37,23,-22900
37,24,240
37,29,6520
37,30,-768
37,32,-2880
37,37,2160
37,39,-8700
37,40,-32
37,41,1920
37,43,-15036
37,44,11040
37,46,1656
37,47,24
37,49,-6120
37,52,2160
37,61,-16000
37,63,6520
37,65,288
37,66,-5944
37,67,300
37,69,720
37,71,-1152
37,74,512
37,76,-6960
37,77,-9120
37,79,1656
37,82,696
37,88,-720
37,93,360
37,97,-512
37,99,-2208
37,101,96
38,1,-360
38,4,-2700
38,5,-15000
38,22,-5184
38,23,5040
38,28,3456
38,29,6912
38,36,-3000
38,37,-1800
38,40,-7884
38,43,3024
38,44,-4608
38,66,9000
38,71,2160
38,74,-3456
38,79,-5400
38,82,2400
38,86,-1152
38,90,9000
38,93,-1800
38,96,5400
38,97,-1728
38,99,576
38,101,23652
39,5,12700
39,8,-11400
39,13,-540
39,23,1350
39,24,3800
39,25,-8000
39,30,-12000
39,32,-11400
39,36,-500
39,37,-300
39,43,810
39,44,-20630
39,66,-9120
39,67,4750
39,71,-4560
39,77,900
39,82,400
39,86,480
39,88,-15000
39,90,1500
39,93,-300
39,94,-4000
39,96,900
39,99,4270
40,1,1920
40,4,18060
40,8,-5184
40,9,-1920
40,14,-32448
40,16,540
40,20,3888
40,22,4608
40,23,1060
40,25,1920
40,28,-3072
40,29,-6288
40,30,3072
40,35,-512
40,37,-1440
40,38,5184
40,39,13500
40,40,2896
40,41,-960
40,42,-6912
40,43,1500
40,44,-18720
40,46,-216
40,47,-192
40,49,-5184
40,63,-144
40,65,-144
40,66,13912
40,67,1080
40,69,2304
40,71,-1920
40,74,1024
40,76,2160
40,77,32448
40,79,4584
40,82,3240
40,88,-9936
40,90,12960
40,93,-3024
40,94,960
40,97,4864
40,99,3744
40,101,-8688
41,4,-3100
41,5,37500
41,8,-1728
41,13,8100
41,14,7424
41,16,180
41,20,1296
41,23,12386
41,29,-48
41,30,-800
41,36,7500
41,37,3636
41,38,1728
41,39,4500
41,40,-4800
41,42,-2304
41,43,7950
41,44,-22550
41,46,-72
41,61,-6400
41,63,-48
41,66,-4120
41,67,360
41,74,76800
41,76,720
41,77,-20924
41,79,-72
41,82,-15672
41,86,-7200
41,88,1728
41,90,-22500
41,93,4356
41,96,-13500
41,97,-76800
41,99,2350
41,101,14400
42,1,1800
42,4,-2700
42,5,35000
42,8,-72
42,13,10800
42,16,-3600
42,23,-57000
42,26,-648
42,29,-1440
42,34,1296
42,35,1800
42,36,7000
42,37,4200
42,40,-8100
42,43,-34200
42,44,12600
42,47,-1500
42,49,2160
42,63,-1440
42,66,9000
42,76,-14400
42,77,-18000
42,82,-5600
42,86,-9600
42,88,2412
42,90,-21000
42,93,4200
42,96,-12600
42,99,2100
42,101,24300
43,1,11520
43,4,-17280
43,5,-19100
43,8,700
43,9,7200
43,15,-24820
43,16,-3360
43,20,-48300
43,23,3150
43,25,-7200
43,28,9600
43,29,48336
43,35,1400
43,36,180
43,37,18900
43,40,-9000
43,41,500
43,43,-11070
43,44,60450
43,46,4500
43,47,3520
43,49,33831
43,51,-54
43,61,-75000
43,63,29136
43,66,-5400
43,69,-1500
43,76,-13440
43,79,4500
43,88,45864
43,94,-3600
43,96,8100
43,99,-29190
43,101,27000
43,103,54
44,1,1014
44,4,20079
44,5,17950
44,8,-4500
44,14,-43200
44,15,22500
44,16,21960
44,20,32000
44,23,186750
44,24,1728
44,29,-7216
44,30,4320
44,35,-9000
44,36,-250
44,37,-150
44,40,-5175
44,41,13200
44,43,112050
44,44,-6150
44,46,-2400
44,47,11004
44,49,387
44,51,450
44,52,-5184
44,61,39680
44,63,-7216
44,66,26022
44,69,-41328
44,71,-864
44,74,-5760
44,76,87840
44,77,43200
44,79,-2400
44,82,-8380
44,86,-1600
44,88,-3600
44,90,750
44,93,-150
44,96,450
44,97,5760
44,99,-36750
44,101,945
44,103,-450
45,5,24800
45,8,-2400
45,9,-960
45,16,3600
45,20,-1800
45,23,3720
45,24,800
45,25,960
45,32,-2400
45,35,1920
45,36,4320
45,37,-2880
45,40,-9640
45,41,2400
45,43,3960
45,44,46800
45,47,480
45,49,14040
45,52,-6480
45,65,360
45,66,-12000
45,67,1000
45,69,-8640
45,71,-960
45,74,-4160
45,76,14400
45,82,6000
45,88,44280
45,94,480
45,97,-6040
45,99,-9360
45,100,3240
45,101,39720
46,5,56400
46,8,-720
46,9,-4800
46,15,59760
46,16,4480
46,20,69200
46,23,10200
46,25,4800
46,28,-12800
46,29,-64448
46,35,-1440
46,36,1680
46,37,-10800
46,40,6000
46,43,14760
46,44,-40600
46,46,-6000
46,47,1200
46,49,-23508
46,51,72
46,61,100000
46,63,-38848
46,66,3600
46,76,17920
46,79,-6000
46,88,-31152
46,94,2400
46,96,-10800
46,99,2120
46,101,-18000
46,103,-72
47,1,-1350
47,4,27945
47,5,-1080
47,8,-450
47,9,-3240
47,14,-43200
47,15,-1350
47,16,1800
47,22,6480
47,23,13200
47,25,3240
47,28,-4320
47,29,-7920
47,30,4104
47,35,-1620
47,40,-3780
47,43,7920
47,44,22500
47,47,-870
47,49,-10800
47,63,720
47,66,20250
47,69,3240
47,71,-2700
47,74,1800
47,76,7200
47,77,43200
47,79,7200
47,82,4860
47,88,16155
47,90,18225
47,93,-3645
47,94,1620
47,97,6480
47,99,-150
47,101,11340
49,1,244
49,4,534
49,5,-24000
49,7,-900
49,8,570
49,9,-3000
49,15,-22500
49,20,-2616
49,22,1440
49,23,-9000
49,24,-432
49,25,-5000
49,28,-960
49,29,-2112
49,30,-12000
49,32,750
49,35,-360
49,36,-1200
49,37,-9000
49,40,6000
49,44,-45000
49,47,-162
49,49,-13500
49,61,480
49,63,-192
49,66,-850
49,69,432
49,71,-300
49,79,1500
49,87,720
49,88,-33750
49,94,-2500
49,97,1440
49,99,8730
49,101,-18000
50,1,-2304
50,4,13056
50,5,-4640
50,8,-13856
50,9,-720
50,11,1920
50,13,-4608
50,15,-4000
50,16,-5184
50,20,9648
50,23,-66960
50,24,576
50,25,720
50,35,-4384
50,36,-288
50,37,-2160
50,38,13824
50,39,28800
50,40,6180
50,41,-100
50,42,-18432
50,43,-38880
50,44,42000
50,47,-596
50,49,1656
50,52,-1728
50,66,38940
50,69,-276
50,72,-2880
50,74,30720
50,76,-20736
50,77,3840
50,79,-2880
50,82,-7200
50,86,6400
50,88,11052
50,94,360
50,97,-30720
50,99,-2160
50,101,-18540
51,1,-200
51,4,300
51,5,-320
51,8,240
51,24,-80
51,25,4200
51,30,4800
51,32,240
51,40,900
51,44,8000
51,66,-808
51,67,-100
51,71,96
51,88,6000
51,90,-1000
51,94,1600
51,99,-1600
51,101,-2700
51,102,-200
52,1,2850
52,4,-4725
52,5,-36680
52,8,1344
52,15,-2250
52,16,-7860
52,20,1080
52,23,-57580
52,24,-480
52,26,-864
52,29,-1920
52,30,-360
52,32,1440
52,34,1728
52,35,1248
52,36,-6592
52,37,-2400
52,39,-4500
52,40,-10035
52,43,-34548
52,44,7200
52,46,360
52,47,-2000
52,49,-8136
52,52,3888
52,63,-1920
52,66,20262
52,67,-600
52,69,5184
52,71,576
52,74,2880
52,76,-31440
52,79,1110
52,82,-40
52,88,-672
52,90,12000
52,93,-2400
52,96,7200
52,97,3240
52,99,8560
52,100,-1944
52,101,23625
53,5,23520
53,8,120
53,9,5760
53,15,19500
53,16,144
53,20,5760
53,23,6030
53,25,-5760
53,35,240
53,36,2304
53,37,17280
53,40,-7296
53,43,-6750
53,44,59250
53,49,29295
53,51,-1350
53,66,-4320
53,76,576
53,82,240
53,88,36000
53,94,-2880
53,99,-11850
53,101,22320
53,103,1350
54,1,-7860
54,4,13290
54,5,-16320
54,8,11520
54,12,-2500
54,14,-1500
54,15,-2700
54,16,960
54,23,8000
54,24,-780
54,29,200
54,30,-432
54,32,11520
54,36,240
54,39,4800
54,40,-2160
54,43,4800
54,46,-384
54,47,-1710
54,49,26010
54,52,-9180
54,60,-500
54,62,-3750
54,63,200
54,64,1000
54,66,10976
54,67,-4800
54,69,-3060
54,71,4608
54,76,3840
54,79,516
54,82,-2634
54,88,9180
54,89,-1200
54,97,-300
54,99,16200
54,100,180
54,101,2430
55,1,-1800
55,4,-1260
55,5,-12600
55,8,480
55,9,-12000
55,15,-2880
55,16,840
55,20,-13800
55,23,-39000
55,24,-1080
55,25,12000
55,30,-720
55,35,960
55,36,-2520
55,37,-34200
55,39,-1800
55,40,24550
55,43,-1800
55,44,-115000
55,46,144
55,47,-540
55,49,-65340
55,52,3240
55,61,-1200
55,66,240
55,69,1080
55,76,3360
55,79,144
55,82,-2056
55,88,-89490
55,90,-9000
55,93,1800
55,94,6000
55,96,-5400
55,99,23000
55,101,-70050
56,4,2400
56,5,-22500
56,13,-4860
56,14,-4800
56,23,-7050
56,30,480
56,36,-4500
56,37,-2700
56,40,2880
56,43,-4230
56,44,13530
56,61,3840
56,66,2400
56,74,-46080
56,77,12900
56,82,9360
56,86,4320
56,90,13500
56,93,-2700
56,96,8100
56,97,46080
56,99,-1410
56,101,-8640
57,1,-15090
57,4,21045
57,5,21810
57,8,-1350
57,12,-3750
57,14,-2250
57,15,-4050
57,20,7500
57,22,-5760
57,24,270
57,26,-900
57,28,90
57,29,7980
57,30,-648
57,34,1800
57,36,5010
57,37,900
57,39,6000
57,40,810
57,44,1800
57,47,-5325
57,49,2295
57,52,-810
57,60,-750
57,62,-5625
57,63,300
57,64,1500
57,66,3900
57,69,-270
57,71,2400
57,79,-4650
57,82,-5055
57,86,1200
57,88,2160
57,89,-1800
57,90,-4500
57,93,900
57,96,-2700
57,97,-6210
57,99,27300
57,100,1770
57,101,-8505
58,1,-6984
58,4,-29724
58,5,72000
58,8,22950
58,9,2880
58,13,43200
58,14,-6000
58,15,90000
58,16,-7200
58,22,-17280
58,23,-110760
58,24,432
58,25,-2880
58,26,15300
58,28,11520
58,29,20160
58,30,600
58,34,-30600
58,37,8640
58,39,18000
58,40,195
58,41,-103200
58,43,-71640
58,44,39600
58,47,-22224
58,49,20952
58,52,-1296
58,63,-2880
58,65,-11880
58,66,55758
58,69,71568
58,71,6984
58,74,-22560
58,76,-28800
58,77,-66000
58,79,-18000
58,82,-3465
58,88,-78174
58,94,-1440
58,97,5280
58,99,1080
58,101,-4230
59,1,14490
59,4,-21735
59,5,-36000
59,9,3000
59,15,-37500
59,16,-1000
59,20,-43250
59,23,45000
59,25,-3000
59,28,8000
59,29,41000
59,36,-1200
59,37,6660
59,40,-4955
59,41,48000
59,43,21600
59,44,1000
59,46,3750
59,47,15000
59,49,13500
59,61,-62500
59,63,25000
59,65,7200
59,66,-25800
59,74,12800
59,76,-4000
59,79,3750
59,82,120
59,88,54750
59,90,450
59,93,-90
59,94,-1500
59,96,7020
59,97,-12800
59,99,-27200
59,101,14865
60,4,-675
60,8,1620
60,20,-1215
60,38,-1620
60,39,-3375
60,42,2160
60,88,-1620
61,4,-300
61,5,3840
61,8,-2880
61,14,1440
61,16,-588
61,23,-13460
61,24,240
61,29,120
61,32,-2880
61,37,2160
61,39,-1500
61,40,-192
61,43,-9372
61,44,10720
61,46,696
61,47,-360
61,49,-6120
61,52,2160
61,63,120
61,66,-1144
61,67,300
61,69,720
61,71,-1152
61,74,3072
61,76,-2352
61,77,-1440
61,79,696
61,82,120
61,88,-2160
61,93,360
61,97,-3072
61,99,-2144
61,101,576
62,1,16200
62,4,-25380
62,5,15120
62,9,5400
62,15,5400
62,20,5400
62,23,16200
62,25,-5400
62,30,864
62,36,2160
62,37,16200
62,40,-5130
62,44,45000
62,47,6480
62,49,24300
62,66,-5850
62,79,-1800
62,88,33750
62,94,-2700
62,99,-41400
62,101,15390
63,1,450
63,4,-675
63,5,-6150
63,8,3600
63,20,-1920
63,24,1560
63,29,960
63,32,3600
63,36,-750
63,37,-450
63,40,-2025
63,47,1080
63,61,-2400
63,63,960
63,66,5130
63,67,-750
63,69,-2160
63,71,1440
63,82,600
63,90,2250
63,93,-450
63,96,1350
63,101,6075
64,1,240
64,4,1640
64,5,2880
64,8,-4320
64,14,-4000
64,20,2304
64,24,-1392
64,29,-1152
64,30,400
64,32,-4320
64,40,-1250
64,47,-1056
64,49,4080
64,52,-1440
64,61,2880
64,63,-1152
64,66,-436
64,67,900
64,69,2112
64,71,-1968
64,74,-1600
64,77,4000
64,82,-2250
64,88,1440
64,97,1600
64,101,-300
65,1,-600
65,4,-4100
65,5,-1120
65,8,10880
65,9,-960
65,14,10000
65,15,13000
65,16,96
65,20,-6720
65,23,-10380
65,24,3480
65,25,960
65,29,2880
65,30,-1000
65,32,10800
65,35,160
65,36,-384
65,37,-2880
65,40,4261
65,43,-4500
65,44,-500
65,47,2640
65,49,-12270
65,51,-900
65,52,3600
65,61,-7200
65,63,2880
65,66,1810
65,67,-2250
65,69,-5280
65,71,4920
65,74,4000
65,76,384
65,77,-10000
65,82,5785
65,88,-9600
65,94,480
65,97,-4000
65,99,100
65,101,-2370
65,103,900
67,1,5400
67,4,2400
67,5,-17500
67,8,24000
67,9,-720
67,14,-9600
67,15,9000
67,20,-12800
67,22,12960
67,23,-22900
67,24,10400
67,25,720
67,28,-1140
67,29,-10880
67,30,960
67,32,24000
67,35,-160
67,36,-300
67,39,-12000
67,43,-13740
67,44,18900
67,47,8400
67,49,4590
67,51,-2700
67,61,-16000
67,63,6400
67,66,14000
67,67,-5000
67,69,-13680
67,71,4200
67,74,400
67,77,9600
67,79,13500
67,82,2040
67,86,-2400
67,90,4050
67,93,-810
67,94,360
67,97,12960
67,99,-10500
67,100,-3000
67,103,2700
68,1,11520
68,4,-13120
68,5,-37680
68,13,-16080
68,14,7680
68,15,-9600
68,16,-10800
68,20,-12800
68,23,31440
68,29,6400
68,30,-768
68,36,-6000
68,37,-3600
68,40,10328
68,41,40320
68,43,18864
68,44,2280
68,46,960
68,47,12384
68,61,-12000
68,63,6400
68,65,6048
68,66,-24000
68,74,74752
68,76,-43200
68,77,19120
68,79,960
68,82,10800
68,86,25760
68,88,30240
68,90,18000
68,93,-3600
68,96,10800
68,97,-74752
68,99,-14328
68,101,-30984
69,1,-7860
69,4,12330
69,5,-960
69,12,-2500
69,14,-1500
69,15,-2700
69,24,180
69,29,200
69,30,-432
69,36,240
69,40,-2160
69,47,-3150
69,49,1530
69,52,-540
69,60,-500
69,62,-3750
69,63,200
69,64,1000
69,66,2400
69,69,-180
69,79,900
69,82,-2250
69,88,540
69,89,-1200
69,97,-300
69,99,16200
69,100,180
69,101,2430
70,1,-910
70,4,1335
70,5,16520
70,8,-3480
70,15,-150
70,16,-60
70,20,3840
70,23,-980
70,24,-3160
70,25,-10500
70,29,-1920
70,30,-12024
70,32,-3480
70,36,2400
70,37,1440
70,39,-300
70,40,4185
70,43,-588
70,44,-19520
70,46,24
70,47,-2160
70,52,6400
70,61,4800
70,63,-1920
70,66,-7394
70,67,1450
70,69,4320
70,71,-1392
70,72,-5120
70,76,-240
70,79,74
70,82,-616
70,88,-15000
70,90,-4700
70,93,1440
70,94,-4000
70,96,-4320
70,99,3904
70,101,-12555
70,102,500
71,1,1104
71,4,-56
71,5,-1920
71,8,1440
71,13,-1920
71,16,-2160
71,23,2760
71,24,-480
71,25,25200
71,30,28800
71,32,1440
71,40,7472
71,41,7680
71,43,1656
71,44,50160
71,47,2400
71,61,800
71,65,1152
71,66,-8688
71,67,-600
71,71,576
71,74,14848
71,76,-8640
71,77,3200
71,82,1200
71,86,4000
71,88,41760
71,90,-6000
71,94,9600
71,97,-14848
71,99,-13152
71,101,-22416
71,102,-1200
73,5,72000
73,7,3600
73,8,540
73,14,-2250
73,15,90000
73,16,720
73,20,-1536
73,23,3000
73,24,1728
73,29,1356
73,35,1080
73,41,-625
73,43,1800
73,44,3000
73,47,1039
73,49,-432
73,60,3750
73,61,-1920
73,63,1356
73,64,750
73,69,147
73,76,2880
73,87,-2880
73,88,-288
73,89,-1800
73,99,-2100
74,5,-54000
74,7,-2700
74,8,-405
74,15,-67500
74,16,-540
74,20,1152
74,23,-4500
74,24,-1296
74,29,-792
74,35,-810
74,43,-2700
74,47,-873
74,49,324
74,61,1440
74,63,-792
74,69,1296
74,76,-2160
74,87,2160
74,88,216
74,99,1125
75,4,3480
75,5,3120
75,7,540
75,8,5868
75,14,10620
75,15,13500
75,16,3480
75,23,66680
75,24,-480
75,29,-2040
75,32,5760
75,35,216
75,37,-4320
75,39,17400
75,41,3750
75,43,42600
75,44,-42000
75,46,-1392
75,47,1470
75,49,12240
75,52,-4320
75,60,-22500
75,63,-2040
75,64,-4500
75,66,2288
75,67,-600
75,69,-12690
75,71,2304
75,76,13920
75,77,2880
75,79,-1392
75,82,-1392
75,87,-432
75,88,4320
75,89,10800
75,93,-720
75,99,8400
76,4,2560
76,13,-3072
76,16,-3456
76,20,2560
76,23,-4800
76,24,-3744
76,25,-9600
76,29,-1280
76,30,-14400
76,40,3340
76,43,-2880
76,44,-14400
76,47,-1872
76,49,-7344
76,52,2592
76,61,4480
76,63,-1280
76,66,864
76,69,3744
76,71,432
76,74,23360
76,76,-13824
76,77,5120
76,82,1920
76,86,6400
76,88,-20592
76,94,-4800
76,97,-23360
76,99,4800
76,101,-10020
77,1,-5760
77,4,33120
77,5,-43180
77,8,-9840
77,9,-1200
77,13,-28800
77,15,-45000
77,16,5680
77,20,16020
77,23,26000
77,24,560
77,25,1200
77,26,-12000
77,28,-3200
77,29,-13840
77,32,8160
77,34,24000
77,36,420
77,37,-2700
77,39,2400
77,40,1820
77,41,-3200
77,43,17760
77,44,-400
77,46,-1692
77,47,-1360
77,49,3960
77,52,-4320
77,61,23400
77,63,-7440
77,65,-2880
77,66,16708
77,67,-2900
77,69,-50880
77,71,3264
77,74,-5120
77,76,22720
77,77,48000
77,79,-1692
77,82,-192
77,88,-1500
77,94,600
77,96,-2700
77,97,5120
77,99,10880
77,101,-5460
78,1,13824
78,4,-20736
78,5,19200
78,8,192
78,15,24000
78,35,384
78,41,600
78,47,5304
78,69,-1800
78,99,-25920
79,4,-4800
79,5,22500
79,8,3456
79,11,-480
79,13,6012
79,14,4800
79,16,1296
79,20,-2592
79,23,23250
79,24,-144
79,30,-480
79,35,1080
79,36,4500
79,37,2700
79,38,-3456
79,39,-7200
79,40,-4200
79,42,4608
79,43,13950
79,44,-25530
79,47,-72
79,49,-1224
79,52,432
79,61,-3840
79,66,-12000
79,69,144
79,72,720
79,74,38400
79,76,5184
79,77,-13860
79,79,720
79,82,-7560
79,86,-5920
79,88,-3888
79,90,-13500
79,93,2700
79,96,-8100
79,97,-38400
79,99,3330
79,101,12600
80,4,-19200
80,5,62080
80,8,9200
80,13,28800
80,15,63840
80,16,-4800
80,20,3680
80,23,-40000
80,24,880
80,26,12000
80,29,-2560
80,30,960
80,32,-8160
80,34,-24000
80,35,-1280
80,36,960
80,40,-3000
80,41,-16000
80,43,-24000
80,44,20000
80,47,-3920
80,49,5760
80,61,3200
80,63,-2560
80,66,-6528
80,67,2900
80,69,49440
80,71,-3264
80,76,-19200
80,77,-48000
80,82,2400
80,88,-1080
80,99,-4000
80,101,9000
81,1,900
81,4,7200
81,5,10800
81,7,540
81,8,108
81,9,-1080
81,14,-900
81,15,13500
81,22,2160
81,23,17400
81,25,1080
81,28,-1440
81,29,-4680
81,30,1440
81,35,-24
81,41,3750
81,43,10440
81,44,-18000
81,47,750
81,49,-3240
81,60,-22500
81,63,-1800
81,64,-4500
81,66,6600
81,69,-10170
81,71,-900
81,74,600
81,77,14400
81,79,2250
81,82,1620
81,87,-432
81,89,10800
81,90,6075
81,93,-1215
81,94,540
81,97,2160
81,99,3600
82,1,-11520
82,4,26880
82,5,47400
82,9,-2400
82,14,-19200
82,15,54000
82,16,800
82,20,66600
82,23,-39600
82,25,2400
82,28,-6400
82,29,-48800
82,30,1920
82,36,840
82,37,-5400
82,40,3720
82,41,-43200
82,43,-19440
82,44,1600
82,46,-5400
82,47,-12960
82,49,-10800
82,61,90000
82,63,-36000
82,65,-6480
82,66,33000
82,74,-11520
82,76,3200
82,77,19200
82,79,-5400
82,88,-47400
82,94,1200
82,96,-5400
82,97,11520
82,99,21280
82,101,-11160
83,1,14490
83,4,-16535
83,5,-10350
83,13,-12000
83,14,9600
83,15,-12000
83,16,-13500
83,20,-16000
83,23,19050
83,29,8000
83,30,-960
83,36,-150
83,37,-90
83,40,12505
83,41,50400
83,43,11430
83,44,12300
83,46,1200
83,47,15480
83,61,-15000
83,63,8000
83,65,7560
83,66,-29550
83,74,93440
83,76,-54000
83,77,10400
83,79,1200
83,82,7620
83,86,25000
83,88,37800
83,90,450
83,93,-90
83,96,270
83,97,-93440
83,99,-21960
83,101,-37515
84,4,-4800
84,8,5184
84,11,-720
84,13,1728
84,14,1152
84,16,744
84,20,-3888
84,23,6428
84,24,-216
84,29,96
84,35,1620
84,37,1728
84,38,-5184
84,39,-16800
84,40,-1980
84,42,6912
84,43,2820
84,44,-8400
84,46,480
84,47,-108
84,49,-1836
84,52,648
84,63,96
84,66,-13600
84,67,-720
84,69,216
84,72,1080
84,74,-11520
84,76,2976
84,77,-2592
84,79,1560
84,82,3180
84,86,-2400
84,88,-5832
84,93,288
84,97,11520
84,99,960
84,101,5940
85,1,11520
85,4,-10560
85,5,-14400
85,7,-1800
85,8,-7560
85,13,-7008
85,14,-42440
85,15,-45000
85,16,-10800
85,23,-42440
85,24,2400
85,29,6000
85,30,-256
85,32,-7200
85,35,-720
85,36,2400
85,37,1440
85,40,8824
85,41,25900
85,43,-25464
85,44,63584
85,47,9500
85,60,75000
85,61,1952
85,63,6000
85,64,15000
85,65,5760
85,66,-26240
85,67,3000
85,69,37500
85,71,-2880
85,74,98816
85,76,-43200
85,77,9120
85,82,1008
85,86,17696
85,87,1440
85,88,28800
85,89,-36000
85,90,-7200
85,93,1440
85,96,-4320
85,97,-98816
85,99,-29008
85,101,-26472
86,1,-2400
86,4,-8400
86,5,20000
86,8,17376
86,11,-2400
86,13,5760
86,16,11280
86,20,-12960
86,23,121000
86,24,-720
86,26,864
86,29,1920
86,34,-1728
86,35,3000
86,36,4000
86,37,2400
86,38,-17280
86,39,-36000
86,40,4200
86,42,23040
86,43,72600
86,44,-60000
86,47,1640
86,49,-9000
86,52,2160
86,63,1920
86,66,-60000
86,69,720
86,72,3600
86,74,-38400
86,76,45120
86,77,-4800
86,79,3600
86,82,5800
86,86,-8000
86,88,-22656
86,90,-12000
86,93,2400
86,96,-7200
86,97,38400
86,99,-400
86,101,-12600
87,1,-1590
87,4,2475
87,5,-2040
87,8,1800
87,15,450
87,16,180
87,23,2940
87,24,-600
87,25,31500
87,30,36072
87,32,1800
87,39,900
87,40,6885
87,43,1764
87,44,58560
87,46,-72
87,66,-6330
87,67,-750
87,71,720
87,76,720
87,79,-222
87,82,-72
87,88,45000
87,90,-7500
87,94,12000
87,99,-11712
87,101,-20655
87,102,-1500
88,1,16200
88,4,-25380
88,5,4320
88,15,5400
88,30,864
88,40,1620
88,47,6480
88,66,-1800
88,79,-1800
88,99,-32400
88,101,-4860
89,4,-3640
89,5,2400
89,7,450
89,8,570
89,13,-648
89,14,10610
89,15,8370
89,16,-360
89,20,-1800
89,23,11060
89,24,-1080
89,29,-1500
89,30,-656
89,35,1140
89,36,-1320
89,37,-360
89,39,-1800
89,40,2634
89,41,3125
89,43,6636
89,44,-28196
89,46,144
89,47,85
89,49,-11340
89,52,3240
89,60,-18750
89,61,-688
89,63,-1500
89,64,-3750
89,66,560
89,69,-8295
89,74,-6144
89,76,-1440
89,77,1720
89,79,144
89,82,-408
89,86,576
89,87,-360
89,88,-14490
89,89,9000
89,90,1800
89,93,-360
89,96,1080
89,97,6144
89,99,5812
89,101,-7902
90,5,59080
90,7,2700
90,8,-2940
90,13,-216
90,15,67500
90,23,13500
90,24,1520
90,25,-3200
90,30,-4800
90,32,-4560
90,35,3240
90,36,-200
90,37,12840
90,43,324
90,44,-8252
90,49,6480
90,66,-6888
90,67,1900
90,71,-1824
90,77,360
90,82,160
90,86,192
90,87,-2160
90,88,-6000
90,90,600
90,93,-120
90,94,-1600
90,96,360
90,99,1708
91,1,-30
91,4,2475
91,5,-9330
91,8,-2160
91,9,600
91,13,-1440
91,15,-9870
91,16,100
91,20,-6490
91,23,2620
91,25,-600
91,26,480
91,28,1600
91,29,8296
91,30,24
91,34,-960
91,36,-210
91,37,1350
91,38,2880
91,39,6300
91,40,-561
91,41,800
91,42,-3840
91,43,492
91,44,6680
91,46,726
91,47,160
91,49,2916
91,51,-144
91,61,-12500
91,63,5096
91,66,-540
91,69,-2400
91,74,-2304
91,76,400
91,77,2400
91,79,676
91,82,-24
91,88,5814
91,94,-300
91,96,1350
91,97,2304
91,99,-1336
91,101,1683
91,103,144
92,1,-19600
92,4,11400
92,5,135000
92,7,900
92,8,135
92,9,960
92,15,112500
92,16,2580
92,20,119616
92,22,-43200
92,23,2580
92,24,-768
92,25,-960
92,28,9600
92,29,-40536
92,35,270
92,36,9000
92,37,8280
92,39,45000
92,40,9040
92,41,-2400
92,43,-180
92,44,1200
92,46,-9000
92,47,-5289
92,49,-5988
92,52,3600
92,61,149520
92,63,-59736
92,65,-360
92,66,26480
92,69,768
92,71,18000
92,74,-640
92,76,10320
92,79,-54000
92,82,11400
92,87,-720
92,88,-5472
92,94,-480
92,96,-16200
92,97,-42560
92,99,21885
92,101,-120
93,5,16560
93,7,900
93,8,2295
93,15,22500
93,16,180
93,20,-1536
93,23,1500
93,24,1368
93,29,840
93,32,2160
93,35,270
93,43,900
93,47,939
93,49,-108
93,61,-1920
93,63,840
93,66,1728
93,67,-450
93,69,-1728
93,71,864
93,76,720
93,87,-720
93,88,-72
93,99,-375
94,4,-21600
94,5,-40840
94,8,-1200
94,9,2880
94,13,-1080
94,14,43200
94,15,-54000
94,16,-9198
94,20,-69120
94,23,-62910
94,24,400
94,25,-18880
94,29,32436
94,30,-28320
94,32,-1200
94,36,152
94,37,8040
94,40,-3408
94,41,-29700
94,43,-42930
94,44,-11860
94,46,5400
94,47,-5940
94,49,18306
94,61,-89280
94,63,32436
94,66,-24720
94,67,500
94,69,89100
94,71,-480
94,76,-36792
94,77,-41400
94,79,5400
94,82,1400
94,86,4560
94,88,-8436
94,90,3000
94,93,-600
94,94,-9440
94,96,1800
94,99,3740
94,101,9360
95,1,-2880
95,4,-12640
95,5,28800
95,8,9180
95,9,1152
95,13,16896
95,15,36000
95,16,-3312
95,22,-6912
95,23,-44904
95,25,-1152
95,26,6120
95,28,4608
95,29,8064
95,34,-12240
95,37,3456
95,39,7200
95,40,968
95,41,-41280
95,43,-29016
95,44,17040
95,47,-8976
95,49,6912
95,61,160
95,63,-1152
95,65,-4752
95,66,20736
95,69,28800
95,71,2880
95,74,-5888
95,76,-13248
95,77,-28160
95,79,-7200
95,82,-336
95,86,800
95,88,-31788
95,94,-576
95,97,-1024
95,99,432
95,101,-2904
96,1,-7488
96,4,12272
96,5,-1920
96,8,-2700
96,11,-13500
96,13,-2400
96,14,1920
96,15,-2400
96,16,-2700
96,20,-3200
96,23,3810
96,29,1600
96,30,-192
96,35,-5400
96,37,-13500
96,40,-5518
96,41,10080
96,43,2286
96,44,2460
96,46,240
96,47,-792
96,61,-3000
96,63,1600
96,65,1512
96,66,3000
96,74,18688
96,76,-10800
96,77,29080
96,79,240
96,82,-12000
96,86,5000
96,88,7560
96,96,40500
96,97,-18688
96,99,15048
96,101,-7746
97,4,3000
97,14,-2880
97,16,3000
97,23,44680
97,29,-240
97,37,-4320
97,39,15000
97,43,29400
97,44,-24000
97,46,-1200
97,63,-240
97,66,-2000
97,67,1800
97,76,12000
97,77,2880
97,79,-1200
97,82,-1200
97,93,-720
97,99,4800
98,4,450
98,11,360
98,16,450
98,23,-7050
98,24,1350
98,35,-810
98,39,2250
98,43,-4230
98,44,9000
98,46,-180
98,47,675
98,49,11475
98,52,-4050
98,66,6900
98,69,-1350
98,72,-540
98,76,1800
98,77,-720
98,79,-720
98,82,-1530
98,86,1200
98,88,4050
98,99,-1440
99,1,2580
99,4,20700
99,5,-5000
99,9,-3240
99,14,-43200
99,22,4752
99,23,-120
99,25,3240
99,28,-3168
99,29,-6336
99,30,4320
99,35,-720
99,36,-1000
99,37,-600
99,40,-2628
99,43,-72
99,44,-1536
99,49,-9720
99,66,22800
99,69,3240
99,71,-1980
99,74,648
99,77,43200
99,79,4950
99,82,5660
99,86,-384
99,90,21225
99,93,-4245
99,94,1620
99,96,1800
99,97,5904
99,99,192
99,101,7884
100,1,-3456
100,4,3264
100,5,-6080
100,8,-80
100,9,960
100,13,2304
100,15,-13000
100,16,2496
100,20,960
100,23,5340
100,25,-960
100,35,-160
100,36,384
100,37,2880
100,40,-3584
100,41,-11520
100,43,1476
100,44,-940
100,47,-3600
100,49,2070
100,51,900
100,61,-960
100,65,-1728
100,66,5040
100,74,-18432
100,76,9984
100,77,-3840
100,82,-1600
100,86,-4800
100,88,-2640
100,94,-480
100,97,18432
100,99,5228
100,101,10464
100,103,-900
101,1,3720
101,4,-630
101,5,-60000
101,7,-3000
101,8,3300
101,11,360
101,15,-75000
101,16,-150
101,20,1280
101,22,7200
101,23,-12050
101,24,-90
101,28,-4800
101,29,-10480
101,32,3750
101,35,-1710
101,39,2250
101,43,-7230
101,44,9000
101,46,-180
101,47,-25
101,49,11835
101,52,-4050
101,61,1600
101,63,-880
101,66,3900
101,69,90
101,71,-1500
101,72,-540
101,76,-600
101,77,-720
101,79,6780
101,82,-1530
101,86,1200
101,87,2400
101,88,4290
101,97,7200
101,99,-1540
103,1,288
103,4,1168
103,5,18480
103,8,1440
103,13,4176
103,14,-8000
103,23,2400
103,24,96
103,25,19200
103,30,29600
103,32,1440
103,36,4080
103,37,720
103,40,-1572
103,41,4320
103,43,1440
103,44,47352
103,47,1152
103,49,4896
103,52,-1728
103,65,648
103,66,-584
103,67,-600
103,69,-576
103,71,288
103,74,-768
103,77,1040
103,82,-3660
103,86,-1152
103,88,40968
103,90,-3600
103,93,720
103,94,9600
103,96,-2160
103,97,-2832
103,99,-9816
103,100,2160
103,101,-144
104,1,3890
104,4,-2235
104,5,-23150
104,8,900
104,9,-192
104,15,-17700
104,16,-4080
104,20,-24000
104,22,8640
104,23,-30966
104,24,240
104,25,192
104,28,-1920
104,29,6720
104,35,1800
104,36,-1750
104,37,-1626
104,39,-9000
104,40,-1673
104,41,480
104,43,-18234
104,44,510
104,46,1800
104,47,-384
104,49,3561
104,51,-90
104,52,-720
104,61,-30000
104,63,10560
104,65,72
104,66,-5446
104,69,-240
104,71,-3600
104,74,128
104,76,-16320
104,79,10800
104,82,-2320
104,88,2520
104,90,-150
104,93,30
104,94,96
104,96,3150
104,97,8512
104,99,2898
104,101,-381
104,103,90
105,4,-28800
105,5,57600
105,8,21600
105,13,34560
105,14,-2250
105,15,72000
105,16,-5760
105,23,-51000
105,26,14400
105,29,-2004
105,34,-28800
105,41,-19825
105,43,-30600
105,44,3000
105,47,-3965
105,49,3456
105,60,3750
105,63,-2004
105,64,750
105,69,59475
105,76,-23040
105,77,-57600
105,88,-19296
105,89,-1800
105,99,-600
106,5,-7620
106,8,6840
106,13,324
106,23,-810
106,24,-2280
106,25,4800
106,30,7200
106,32,6840
106,36,300
106,37,180
106,43,-486
106,44,12378
106,66,5472
106,67,-2850
106,71,2736
106,77,-540
106,82,-240
106,86,-288
106,88,9000
106,90,-900
106,93,180
106,94,2400
106,96,-540
106,99,-2562
107,1,8580
107,4,-8130
107,5,-9360
107,8,8640
107,9,-576
107,14,-7680
107,15,2700
107,16,720
107,22,1152
107,23,5680
107,24,-720
107,25,576
107,28,-768
107,29,-1536
107,30,1200
107,32,8640
107,35,-128
107,39,3600
107,40,810
107,43,3408
107,46,-288
107,47,4320
107,49,16632
107,52,-6480
107,66,9052
107,67,-3600
107,69,-1584
107,71,2976
107,74,320
107,76,2880
107,77,7680
107,79,12
107,82,576
107,88,6480
107,90,3240
107,93,-648
107,94,288
107,97,1152
107,99,-16200
107,101,-2430
